<?xml version="1.0" encoding="UTF-8"?>
<testsuite xmlns:xsi="http://www.w3.org/2001/XMLSchema-instance" xsi:schemaLocation="https://maven.apache.org/surefire/maven-surefire-plugin/xsd/surefire-test-report.xsd" name="tn.esprit.spring.VoyageServiceImplTest" time="0.34" tests="1" errors="1" skipped="0" failures="0">
  <properties>
[...]
</properties>
  <testcase name="initializationError" classname="tn.esprit.spring.VoyageServiceImplTest" time="0.009">
    <error message="Method testAddVoyage() should be void" type="java.lang.Exception">java.lang.Exception: Method testAddVoyage() should be void
</error>
  </testcase>
</testsuite>